<?xml version="1.0" encoding="UTF-8"?>
<!-- Generated by org.testng.reporters.JUnitXMLReporter -->
<testsuite hostname="CATOR-VKORAT1" ignored="0" name="BankingApp Test" tests="2" failures="1" timestamp="2022-12-16T13:19:27 EST" time="18.539" errors="0">
  <testcase name="loginTest" time="0.98" classname="com.testcases.TC_LoginTest"/>
  <testcase name="addNewCustomer" time="5.087" classname="com.testcases.TC_AddCustomerTest">
    <failure type="org.openqa.selenium.UnhandledAlertException" message="Dismissed user prompt dialog: please fill all fields: 
Build info: version: &amp;apos;4.2.1&amp;apos;, revision: &amp;apos;ac4d0fdd4a&amp;apos;
System info: host: &amp;apos;CATOR-VKORAT1&amp;apos;, ip: &amp;apos;172.19.24.70&amp;apos;, os.name: &amp;apos;Windows 10&amp;apos;, os.arch: &amp;apos;amd64&amp;apos;, os.version: &amp;apos;10.0&amp;apos;, java.version: &amp;apos;1.8.0_202&amp;apos;
Driver info: org.openqa.selenium.firefox.FirefoxDriver
Command: [965db174-9205-416e-99ab-f91c8e9f5bf0, getPageSource {}]
Capabilities {acceptInsecureCerts: true, browserName: firefox, browserVersion: 108.0, moz:accessibilityChecks: false, moz:buildID: 20221208122842, moz:debuggerAddress: 127.0.0.1:50388, moz:geckodriverVersion: 0.32.0, moz:headless: false, moz:platformVersion: 10.0, moz:processID: 25416, moz:profile: C:\Users\vkorat\AppData\Loc..., moz:shutdownTimeout: 60000, moz:useNonSpecCompliantPointerOrigin: false, moz:webdriverClick: true, moz:windowless: false, pageLoadStrategy: normal, platformName: WINDOWS, proxy: Proxy(), se:cdp: ws://127.0.0.1:50388/devtoo..., se:cdpVersion: 85.0, setWindowRect: true, strictFileInteractability: false, timeouts: {implicit: 0, pageLoad: 300000, script: 30000}, unhandledPromptBehavior: dismiss and notify}
Session ID: 965db174-9205-416e-99ab-f91c8e9f5bf0">
      <![CDATA[org.openqa.selenium.UnhandledAlertException: Dismissed user prompt dialog: please fill all fields: 
Build info: version: '4.2.1', revision: 'ac4d0fdd4a'
System info: host: 'CATOR-VKORAT1', ip: '172.19.24.70', os.name: 'Windows 10', os.arch: 'amd64', os.version: '10.0', java.version: '1.8.0_202'
Driver info: org.openqa.selenium.firefox.FirefoxDriver
Command: [965db174-9205-416e-99ab-f91c8e9f5bf0, getPageSource {}]
Capabilities {acceptInsecureCerts: true, browserName: firefox, browserVersion: 108.0, moz:accessibilityChecks: false, moz:buildID: 20221208122842, moz:debuggerAddress: 127.0.0.1:50388, moz:geckodriverVersion: 0.32.0, moz:headless: false, moz:platformVersion: 10.0, moz:processID: 25416, moz:profile: C:\Users\vkorat\AppData\Loc..., moz:shutdownTimeout: 60000, moz:useNonSpecCompliantPointerOrigin: false, moz:webdriverClick: true, moz:windowless: false, pageLoadStrategy: normal, platformName: WINDOWS, proxy: Proxy(), se:cdp: ws://127.0.0.1:50388/devtoo..., se:cdpVersion: 85.0, setWindowRect: true, strictFileInteractability: false, timeouts: {implicit: 0, pageLoad: 300000, script: 30000}, unhandledPromptBehavior: dismiss and notify}
Session ID: 965db174-9205-416e-99ab-f91c8e9f5bf0
at org.openqa.selenium.remote.codec.w3c.W3CHttpResponseCodec.decode(W3CHttpResponseCodec.java:131)
at org.openqa.selenium.remote.codec.w3c.W3CHttpResponseCodec.decode(W3CHttpResponseCodec.java:53)
at org.openqa.selenium.remote.HttpCommandExecutor.execute(HttpCommandExecutor.java:184)
at org.openqa.selenium.remote.service.DriverCommandExecutor.invokeExecute(DriverCommandExecutor.java:167)
at org.openqa.selenium.remote.service.DriverCommandExecutor.execute(DriverCommandExecutor.java:142)
at org.openqa.selenium.remote.RemoteWebDriver.execute(RemoteWebDriver.java:551)
at org.openqa.selenium.remote.RemoteWebDriver.execute(RemoteWebDriver.java:606)
at org.openqa.selenium.remote.RemoteWebDriver.execute(RemoteWebDriver.java:610)
at org.openqa.selenium.remote.RemoteWebDriver.getPageSource(RemoteWebDriver.java:413)
at com.testcases.TC_AddCustomerTest.addNewCustomer(TC_AddCustomerTest.java:51)
at java.util.ArrayList.forEach(Unknown Source)
... Removed 27 stack frames]]>
    </failure>
  </testcase> <!-- addNewCustomer -->
</testsuite> <!-- BankingApp Test -->
