<?xml version="1.0" encoding="UTF-8"?>
<testng-results skipped="0" failed="0" ignored="0" total="1" passed="1">
  <reporter-output>
  </reporter-output>
  <suite name="iNetBanking" duration-ms="4690" started-at="2022-12-15T19:12:07 EST" finished-at="2022-12-15T19:12:12 EST">
    <groups>
    </groups>
    <test name="BankingApp Test" duration-ms="4690" started-at="2022-12-15T19:12:07 EST" finished-at="2022-12-15T19:12:12 EST">
      <class name="com.testcases.TC_LoginTest">
        <test-method status="PASS" signature="setup(java.lang.String)[pri:0, instance:com.testcases.TC_LoginTest@7a36aefa]" name="setup" is-config="true" duration-ms="3140" started-at="2022-12-15T19:12:07 EST" finished-at="2022-12-15T19:12:10 EST">
          <params>
            <param index="0">
              <value>
                <![CDATA[chrome]]>
              </value>
            </param>
          </params>
          <reporter-output>
          </reporter-output>
        </test-method> <!-- setup -->
        <test-method status="PASS" signature="loginTest()[pri:1, instance:com.testcases.TC_LoginTest@7a36aefa]" name="loginTest" duration-ms="798" started-at="2022-12-15T19:12:10 EST" description="Login Successfull!" finished-at="2022-12-15T19:12:11 EST">
          <reporter-output>
          </reporter-output>
        </test-method> <!-- loginTest -->
        <test-method status="PASS" signature="tearDown()[pri:0, instance:com.testcases.TC_LoginTest@7a36aefa]" name="tearDown" is-config="true" duration-ms="639" started-at="2022-12-15T19:12:11 EST" finished-at="2022-12-15T19:12:12 EST">
          <reporter-output>
          </reporter-output>
        </test-method> <!-- tearDown -->
      </class> <!-- com.testcases.TC_LoginTest -->
    </test> <!-- BankingApp Test -->
  </suite> <!-- iNetBanking -->
</testng-results>
