<?xml version="1.0" encoding="UTF-8"?>
<testng-results skipped="0" failed="0" ignored="0" total="2" passed="2">
  <reporter-output>
  </reporter-output>
  <suite name="iNetBanking" duration-ms="13994" started-at="2022-12-16T22:28:39 EST" finished-at="2022-12-16T22:28:53 EST">
    <groups>
    </groups>
    <test name="BankingApp Test" duration-ms="13994" started-at="2022-12-16T22:28:39 EST" finished-at="2022-12-16T22:28:53 EST">
      <class name="com.testcases.TC_LoginTest">
        <test-method status="PASS" signature="setup(java.lang.String)[pri:0, instance:com.testcases.TC_LoginTest@17211155]" name="setup" is-config="true" duration-ms="3395" started-at="2022-12-16T22:28:39 EST" finished-at="2022-12-16T22:28:43 EST">
          <params>
            <param index="0">
              <value>
                <![CDATA[chrome]]>
              </value>
            </param>
          </params>
          <reporter-output>
          </reporter-output>
        </test-method> <!-- setup -->
        <test-method status="PASS" signature="loginTest()[pri:1, instance:com.testcases.TC_LoginTest@17211155]" name="loginTest" duration-ms="912" started-at="2022-12-16T22:28:43 EST" description="Login Successfull!" finished-at="2022-12-16T22:28:44 EST">
          <reporter-output>
          </reporter-output>
        </test-method> <!-- loginTest -->
        <test-method status="PASS" signature="tearDown()[pri:0, instance:com.testcases.TC_LoginTest@17211155]" name="tearDown" is-config="true" duration-ms="694" started-at="2022-12-16T22:28:44 EST" finished-at="2022-12-16T22:28:44 EST">
          <reporter-output>
          </reporter-output>
        </test-method> <!-- tearDown -->
      </class> <!-- com.testcases.TC_LoginTest -->
      <class name="com.testcases.TC_AddCustomerTest">
        <test-method status="PASS" signature="setup(java.lang.String)[pri:0, instance:com.testcases.TC_AddCustomerTest@4ae82894]" name="setup" is-config="true" duration-ms="2259" started-at="2022-12-16T22:28:44 EST" finished-at="2022-12-16T22:28:47 EST">
          <params>
            <param index="0">
              <value>
                <![CDATA[chrome]]>
              </value>
            </param>
          </params>
          <reporter-output>
          </reporter-output>
        </test-method> <!-- setup -->
        <test-method status="PASS" signature="addNewCustomer()[pri:0, instance:com.testcases.TC_AddCustomerTest@4ae82894]" name="addNewCustomer" duration-ms="5920" started-at="2022-12-16T22:28:47 EST" finished-at="2022-12-16T22:28:53 EST">
          <reporter-output>
          </reporter-output>
        </test-method> <!-- addNewCustomer -->
        <test-method status="PASS" signature="tearDown()[pri:0, instance:com.testcases.TC_AddCustomerTest@4ae82894]" name="tearDown" is-config="true" duration-ms="691" started-at="2022-12-16T22:28:53 EST" finished-at="2022-12-16T22:28:53 EST">
          <reporter-output>
          </reporter-output>
        </test-method> <!-- tearDown -->
      </class> <!-- com.testcases.TC_AddCustomerTest -->
    </test> <!-- BankingApp Test -->
  </suite> <!-- iNetBanking -->
</testng-results>
